<?xml version="1.0" encoding="UTF-8"?>
<testng-results ignored="0" total="1" passed="1" failed="0" skipped="0">
  <reporter-output>
  </reporter-output>
  <suite started-at="2022-07-19T22:54:35 IST" name="Default suite" finished-at="2022-07-19T22:54:39 IST" duration-ms="3850">
    <groups>
    </groups>
    <test started-at="2022-07-19T22:54:35 IST" name="Default test" finished-at="2022-07-19T22:54:39 IST" duration-ms="3850">
      <class name="RestAssured.RestAssured.GetRequestt">
        <test-method signature="getWeatherDetails()[pri:0, instance:RestAssured.RestAssured.GetRequestt@bd4dc25]" started-at="2022-07-19T22:54:35 IST" name="getWeatherDetails" finished-at="2022-07-19T22:54:39 IST" duration-ms="3809" status="PASS">
          <reporter-output>
          </reporter-output>
        </test-method> <!-- getWeatherDetails -->
      </class> <!-- RestAssured.RestAssured.GetRequestt -->
    </test> <!-- Default test -->
  </suite> <!-- Default suite -->
</testng-results>
